--- Startup times for process: Primary (or UI client) ---

times in msec
 clock   self+sourced   self:  sourced script
 clock   elapsed:              other lines

000.000  000.000: --- NVIM STARTING ---
000.069  000.068: event init
000.155  000.087: early init
001.202  001.047: locale set
001.224  000.021: init first window
001.626  000.403: inits 1
001.639  000.013: window checked
001.640  000.002: parsing arguments
001.916  000.024  000.024: require('vim.shared')
001.962  000.018  000.018: require('vim.inspect')
001.985  000.019  000.019: require('vim._options')
001.986  000.069  000.032: require('vim._editor')
001.987  000.109  000.017: require('vim._init_packages')
001.988  000.239: init lua interpreter
003.699  001.711: expanding arguments
003.708  000.008: inits 2
003.851  000.143: init highlight
003.860  000.009: clear screen
003.929  000.005  000.005: require('vim.keymap')
004.478  000.094  000.094: sourcing nvim_exec2()
004.581  000.719  000.619: require('vim._defaults')
004.582  000.003: init default mappings & autocommands
005.309  000.056  000.056: sourcing /opt/homebrew/Cellar/neovim/0.11.4/share/nvim/runtime/ftplugin.vim
005.586  000.032  000.032: sourcing /opt/homebrew/Cellar/neovim/0.11.4/share/nvim/runtime/indent.vim
006.615  000.633  000.633: require('lazy')
006.650  000.025  000.025: require('ffi')
006.685  000.023  000.023: require('vim.fs')
006.940  000.254  000.254: require('vim.uri')
006.947  000.295  000.019: require('vim.loader')
007.389  000.423  000.423: require('lazy.stats')
007.674  000.252  000.252: require('lazy.core.util')
007.919  000.244  000.244: require('lazy.core.config')
008.379  000.225  000.225: require('lazy.core.handler')
009.062  000.272  000.272: require('lazy.pkg')
009.064  000.482  000.210: require('lazy.core.meta')
009.068  000.688  000.206: require('lazy.core.plugin')
009.072  001.153  000.240: require('lazy.core.loader')
010.173  000.292  000.292: require('lazy.async')
010.831  000.420  000.420: require('lazy.manage.process')
011.163  000.330  000.330: require('lazy.terminal')
011.167  000.992  000.242: require('lazy.manage.task')
011.169  001.552  000.268: require('lazy.manage.runner')
011.179  001.796  000.243: require('lazy.manage')
011.181  002.023  000.228: require('lazy.view.commands')
011.457  000.256  000.256: require('lazy.core.fragments')
013.576  000.288  000.288: require('lazy.core.handler.cmd')
013.863  000.284  000.284: require('lazy.core.handler.keys')
014.080  000.215  000.215: require('lazy.core.handler.event')
014.283  000.202  000.202: require('lazy.core.handler.ft')
015.103  000.214  000.214: sourcing nvim_exec2() called at /opt/homebrew/Cellar/neovim/0.11.4/share/nvim/runtime/filetype.lua:0
015.105  000.408  000.195: sourcing /opt/homebrew/Cellar/neovim/0.11.4/share/nvim/runtime/filetype.lua
015.111  000.602  000.194: sourcing nvim_exec2() called at /Users/I569398/.config/nvim/init.lua:0
015.193  000.002  000.002: sourcing nvim_exec2() called at /Users/I569398/.config/nvim/init.lua:0
015.198  000.001  000.001: sourcing nvim_exec2() called at /Users/I569398/.config/nvim/init.lua:0
017.463  000.193  000.193: require('tokyonight.config')
017.464  000.757  000.564: require('tokyonight')
017.863  000.187  000.187: require('tokyonight.util')
017.866  000.372  000.185: require('tokyonight.theme')
018.188  000.216  000.216: require('tokyonight.colors')
018.660  000.192  000.192: require('tokyonight.hsluv')
019.372  000.212  000.212: require('tokyonight.groups')
023.918  002.194  002.194: require('tokyonight.groups.kinds')
037.082  020.514  016.571: sourcing /Users/I569398/.local/share/nvim/lazy/tokyonight.nvim/colors/tokyonight-storm.lua
037.093  021.890  001.376: sourcing nvim_exec2() called at /Users/I569398/.config/nvim/init.lua:0
037.496  000.021  000.021: sourcing /Users/I569398/.local/share/nvim/lazy/limelight.vim/plugin/limelight.vim
037.501  000.190  000.169: sourcing nvim_exec2() called at /Users/I569398/.config/nvim/init.lua:0
037.505  000.002  000.002: sourcing nvim_exec2() called at /Users/I569398/.config/nvim/init.lua:0
037.511  000.001  000.001: sourcing nvim_exec2() called at /Users/I569398/.config/nvim/init.lua:0
038.297  000.024  000.024: sourcing /Users/I569398/.local/share/nvim/lazy/nvim-web-devicons/plugin/nvim-web-devicons.vim
038.302  000.218  000.194: sourcing nvim_exec2() called at /Users/I569398/.config/nvim/init.lua:0
038.306  000.001  000.001: sourcing nvim_exec2() called at /Users/I569398/.config/nvim/init.lua:0
038.311  000.001  000.001: sourcing nvim_exec2() called at /Users/I569398/.config/nvim/init.lua:0
038.316  000.001  000.001: sourcing nvim_exec2() called at /Users/I569398/.config/nvim/init.lua:0
038.319  000.000  000.000: sourcing nvim_exec2() called at /Users/I569398/.config/nvim/init.lua:0
039.291  000.738  000.738: require('oil')
039.497  000.204  000.204: require('oil.ringbuf')
039.691  000.193  000.193: require('oil.config')
040.464  000.663  000.663: require('vim.filetype')
041.144  000.237  000.237: require('oil.log')
041.162  000.473  000.236: require('oil.fs')
041.635  000.231  000.231: require('oil.constants')
041.661  000.498  000.267: require('oil.util')
041.689  000.001  000.001: sourcing nvim_exec2() called at /Users/I569398/.config/nvim/init.lua:0
041.694  000.001  000.001: sourcing nvim_exec2() called at /Users/I569398/.config/nvim/init.lua:0
042.526  000.170  000.170: require('toggleterm.lazy')
042.710  000.183  000.183: require('toggleterm.constants')
042.987  000.274  000.274: require('toggleterm.terminal')
042.998  001.120  000.493: require('toggleterm')
043.486  000.270  000.270: require('toggleterm.colors')
043.737  000.249  000.249: require('toggleterm.utils')
043.743  000.744  000.225: require('toggleterm.config')
043.797  000.009  000.009: require('vim.F')
044.018  000.209  000.209: require('vim.version')
044.822  000.205  000.205: require('toggleterm.commandline')
045.444  000.022  000.022: sourcing /Users/I569398/.local/share/nvim/lazy/plenary.nvim/plugin/plenary.vim
045.449  000.158  000.136: sourcing nvim_exec2() called at /Users/I569398/.config/nvim/init.lua:0
045.453  000.001  000.001: sourcing nvim_exec2() called at /Users/I569398/.config/nvim/init.lua:0
045.458  000.001  000.001: sourcing nvim_exec2() called at /Users/I569398/.config/nvim/init.lua:0
045.995  000.249  000.249: sourcing /Users/I569398/.local/share/nvim/lazy/telescope.nvim/plugin/telescope.lua
046.000  000.396  000.147: sourcing nvim_exec2() called at /Users/I569398/.config/nvim/init.lua:0
046.009  000.001  000.001: sourcing nvim_exec2() called at /Users/I569398/.config/nvim/init.lua:0
046.014  000.001  000.001: sourcing nvim_exec2() called at /Users/I569398/.config/nvim/init.lua:0
046.965  000.949  000.949: require('telescope.builtin')
046.998  000.001  000.001: sourcing nvim_exec2() called at /Users/I569398/.config/nvim/init.lua:0
047.002  000.001  000.001: sourcing nvim_exec2() called at /Users/I569398/.config/nvim/init.lua:0
047.831  000.198  000.198: require('coverage.config')
048.026  000.195  000.195: require('coverage.signs')
048.175  000.148  000.148: require('coverage.highlight')
048.643  000.140  000.140: require('plenary.bit')
048.784  000.140  000.140: require('plenary.functional')
048.801  000.465  000.186: require('plenary.path')
048.954  000.152  000.152: require('coverage.report')
049.417  000.163  000.163: require('plenary.strings')
049.418  000.319  000.156: require('plenary.window.border')
049.560  000.141  000.141: require('plenary.tbl')
049.561  000.607  000.147: require('plenary.window.float')
049.564  001.388  000.165: require('coverage.summary')
049.702  000.137  000.137: require('coverage.watch')
049.994  000.149  000.149: require('coverage.languages.common')
050.153  000.158  000.158: require('coverage.util')
050.154  000.451  000.145: require('coverage.lcov')
050.156  003.152  000.635: require('coverage')
050.177  000.003  000.003: sourcing nvim_exec2() called at /Users/I569398/.config/nvim/init.lua:0
050.180  000.001  000.001: sourcing nvim_exec2() called at /Users/I569398/.config/nvim/init.lua:0
050.181  000.001  000.001: sourcing nvim_exec2() called at /Users/I569398/.config/nvim/init.lua:0
050.183  000.001  000.001: sourcing nvim_exec2() called at /Users/I569398/.config/nvim/init.lua:0
050.225  000.001  000.001: sourcing nvim_exec2() called at /Users/I569398/.config/nvim/init.lua:0
050.228  000.001  000.001: sourcing nvim_exec2() called at /Users/I569398/.config/nvim/init.lua:0
050.229  000.001  000.001: sourcing nvim_exec2() called at /Users/I569398/.config/nvim/init.lua:0
050.231  000.001  000.001: sourcing nvim_exec2() called at /Users/I569398/.config/nvim/init.lua:0
050.233  000.001  000.001: sourcing nvim_exec2() called at /Users/I569398/.config/nvim/init.lua:0
050.234  000.001  000.001: sourcing nvim_exec2() called at /Users/I569398/.config/nvim/init.lua:0
050.236  000.001  000.001: sourcing nvim_exec2() called at /Users/I569398/.config/nvim/init.lua:0
050.237  000.001  000.001: sourcing nvim_exec2() called at /Users/I569398/.config/nvim/init.lua:0
050.239  000.001  000.001: sourcing nvim_exec2() called at /Users/I569398/.config/nvim/init.lua:0
050.242  000.002  000.002: sourcing nvim_exec2() called at /Users/I569398/.config/nvim/init.lua:0
050.265  000.011  000.011: sourcing nvim_exec2() called at /Users/I569398/.config/nvim/init.lua:0
050.302  000.001  000.001: sourcing nvim_exec2() called at /Users/I569398/.config/nvim/init.lua:0
050.329  000.001  000.001: sourcing nvim_exec2() called at /Users/I569398/.config/nvim/init.lua:0
051.227  000.146  000.146: require('octo.model.body-metadata')
051.375  000.147  000.147: require('octo.model.title-metadata')
051.724  000.188  000.188: require('octo.config')
051.728  000.352  000.164: require('octo.autocmds')
051.867  000.139  000.139: require('octo.constants')
052.003  000.135  000.135: require('octo.folds')
052.298  000.143  000.143: require('octo.gh.fragments')
052.614  000.144  000.144: require('plenary.compat')
052.618  000.318  000.174: require('plenary.job')
052.628  000.625  000.163: require('octo.gh')
052.975  000.191  000.191: require('octo.gh.queries')
053.188  000.212  000.212: require('octo.gh.mutations')
053.189  000.560  000.158: require('octo.gh.graphql')
053.375  000.185  000.185: require('octo.ui.signs')
053.784  000.173  000.173: require('octo.model.comment-metadata')
053.977  000.192  000.192: require('octo.model.thread-metadata')
054.399  000.179  000.179: require('octo.release')
054.539  000.561  000.382: require('octo.utils')
055.006  000.247  000.247: require('octo.ui.colors')
055.028  000.488  000.241: require('octo.ui.bubbles')
055.055  001.679  000.265: require('octo.ui.writers')
055.067  004.159  000.191: require('octo.model.octo-buffer')
055.475  000.147  000.147: require('octo.navigation')
055.612  000.136  000.136: require('octo.picker')
056.240  000.142  000.142: require('octo.reviews.renderer')
056.244  000.295  000.153: require('octo.reviews.file-panel')
056.404  000.159  000.159: require('octo.reviews.file-entry')
056.407  000.629  000.174: require('octo.reviews.layout')
056.546  000.138  000.138: require('octo.reviews.rev')
056.680  000.133  000.133: require('octo.reviews.thread-panel')
056.844  000.163  000.163: require('octo.ui.window')
056.991  000.146  000.146: require('octo.reviews.thread')
056.995  001.382  000.172: require('octo.reviews')
057.001  001.934  000.269: require('octo.commands')
057.151  000.149  000.149: require('octo.completion')
057.154  006.641  000.399: require('octo')
057.404  000.003  000.003: sourcing nvim_exec2() called at /Users/I569398/.config/nvim/init.lua:0
057.406  000.001  000.001: sourcing nvim_exec2() called at /Users/I569398/.config/nvim/init.lua:0
057.416  000.009  000.009: sourcing nvim_exec2() called at /Users/I569398/.config/nvim/init.lua:0
057.418  000.001  000.001: sourcing nvim_exec2() called at /Users/I569398/.config/nvim/init.lua:0
057.420  000.001  000.001: sourcing nvim_exec2() called at /Users/I569398/.config/nvim/init.lua:0
057.421  000.001  000.001: sourcing nvim_exec2() called at /Users/I569398/.config/nvim/init.lua:0
057.423  000.001  000.001: sourcing nvim_exec2() called at /Users/I569398/.config/nvim/init.lua:0
057.424  000.001  000.001: sourcing nvim_exec2() called at /Users/I569398/.config/nvim/init.lua:0
057.426  000.001  000.001: sourcing nvim_exec2() called at /Users/I569398/.config/nvim/init.lua:0
057.428  000.001  000.001: sourcing nvim_exec2() called at /Users/I569398/.config/nvim/init.lua:0
057.429  000.001  000.001: sourcing nvim_exec2() called at /Users/I569398/.config/nvim/init.lua:0
057.430  000.001  000.001: sourcing nvim_exec2() called at /Users/I569398/.config/nvim/init.lua:0
057.431  000.001  000.001: sourcing nvim_exec2() called at /Users/I569398/.config/nvim/init.lua:0
057.433  000.001  000.001: sourcing nvim_exec2() called at /Users/I569398/.config/nvim/init.lua:0
057.434  000.001  000.001: sourcing nvim_exec2() called at /Users/I569398/.config/nvim/init.lua:0
058.670  000.200  000.200: require('plenary.log')
058.679  000.356  000.157: require('telescope.log')
058.865  000.185  000.185: require('telescope.state')
058.876  000.731  000.190: require('telescope.utils')
058.877  000.891  000.160: require('telescope.previewers.previewer')
059.447  000.190  000.190: require('telescope.deprecated')
059.614  000.167  000.167: require('telescope.sorters')
060.331  001.266  000.910: require('telescope.config')
060.526  000.195  000.195: require('telescope.from_entry')
060.826  000.144  000.144: require('plenary.context_manager')
062.290  000.181  000.181: require('nvim-treesitter.utils')
063.247  000.163  000.163: require('vim.treesitter.language')
063.409  000.161  000.161: require('vim.func')
063.587  000.175  000.175: require('vim.func._memoize')
063.603  000.690  000.190: require('vim.treesitter.query')
063.776  000.172  000.172: require('vim.treesitter._range')
063.792  001.062  000.200: require('vim.treesitter.languagetree')
063.796  001.240  000.178: require('vim.treesitter')
064.155  001.865  000.625: require('nvim-treesitter.parsers')
064.860  000.172  000.172: require('nvim-treesitter.compat')
065.232  000.201  000.201: require('nvim-treesitter.ts_utils')
065.235  000.374  000.173: require('nvim-treesitter.tsrange')
065.394  000.158  000.158: require('nvim-treesitter.caching')
065.399  000.891  000.186: require('nvim-treesitter.query')
065.409  001.085  000.195: require('nvim-treesitter.configs')
065.411  001.255  000.169: require('nvim-treesitter.info')
065.596  000.184  000.184: require('nvim-treesitter.shell_command_selectors')
065.611  003.693  000.208: require('nvim-treesitter.install')
065.774  000.163  000.163: require('nvim-treesitter.statusline')
065.974  000.199  000.199: require('nvim-treesitter.query_predicates')
065.975  004.443  000.388: require('nvim-treesitter')
066.170  000.193  000.193: require('vim.iter')
066.542  005.166  000.530: sourcing /Users/I569398/.local/share/nvim/lazy/nvim-treesitter/plugin/nvim-treesitter.lua
066.546  005.316  000.150: sourcing nvim_exec2() called at /Users/I569398/.config/nvim/init.lua:0
066.549  000.001  000.001: sourcing nvim_exec2() called at /Users/I569398/.config/nvim/init.lua:0
066.554  000.001  000.001: sourcing nvim_exec2() called at /Users/I569398/.config/nvim/init.lua:0
066.802  000.164  000.164: require('nvim-treesitter.highlight')
066.807  005.980  000.499: require('nvim-treesitter')
066.809  006.282  000.159: require('telescope.previewers.utils')
066.857  007.979  000.236: require('telescope.previewers.term_previewer')
067.946  000.871  000.871: require('plenary.filetype')
069.258  001.312  001.312: require('plenary.scandir')
069.313  002.455  000.272: require('telescope.previewers.buffer_previewer')
069.314  011.509  000.183: require('telescope.previewers')
069.500  000.184  000.184: require('octo.notifications')
069.835  000.335  000.335: require('octo.workflow_runs')
069.885  012.233  000.205: require('octo.pickers.telescope.previewers')
070.664  000.217  000.217: require('telescope.config.resolve')
070.666  000.571  000.354: require('telescope.pickers.entry_display')
070.668  000.782  000.211: require('octo.pickers.telescope.entry_maker')
071.190  000.149  000.149: require('plenary.window')
071.334  000.143  000.143: require('plenary.popup.utils')
071.336  000.458  000.165: require('plenary.popup')
071.486  000.150  000.150--- Startup times for process: Primary (or UI client) ---

times in msec
 clock   self+sourced   self:  sourced script
 clock   elapsed:              other lines

000.000  000.000: --- NVIM STARTING ---
000.090  000.089: event init
000.204  000.115: early init
000.558  000.354: locale set
000.583  000.025: init first window
000.905  000.322: inits 1
000.919  000.014: window checked
000.921  000.002: parsing arguments
001.262  000.032  000.032: require('vim.shared')
001.359  000.036  000.036: require('vim.inspect')
001.391  000.024  000.024: require('vim._options')
001.393  000.129  000.068: require('vim._editor')
001.394  000.185  000.024: require('vim._init_packages')
001.395  000.289: init lua interpreter
003.686  002.290: expanding arguments
003.697  000.011: inits 2
003.885  000.188: init highlight
003.899  000.015: clear screen
003.994  000.008  000.008: require('vim.keymap')
004.685  000.118  000.118: sourcing nvim_exec2()
004.797  000.895  000.769: require('vim._defaults')
004.798  000.004: init default mappings & autocommands
005.336  000.035  000.035: sourcing /opt/homebrew/Cellar/neovim/0.11.4/share/nvim/runtime/ftplugin.vim
005.409  000.021  000.021: sourcing /opt/homebrew/Cellar/neovim/0.11.4/share/nvim/runtime/indent.vim
006.680  000.615  000.615: require('lazy')
006.728  000.035  000.035: require('ffi')
006.767  000.023  000.023: require('vim.fs')
006.937  000.169  000.169: require('vim.uri')
006.945  000.215  000.024: require('vim.loader')
007.167  000.205  000.205: require('lazy.stats')
007.353  000.148  000.148: require('lazy.core.util')
007.511  000.156  000.156: require('lazy.core.config')
007.824  000.169  000.169: require('lazy.core.handler')
008.140  000.110  000.110: require('lazy.pkg')
008.143  000.215  000.104: require('lazy.core.meta')
008.148  000.323  000.108: require('lazy.core.plugin')
008.153  000.641  000.150: require('lazy.core.loader')
008.693  000.149  000.149: require('lazy.async')
009.068  000.241  000.241: require('lazy.manage.process')
009.168  000.099  000.099: require('lazy.terminal')
009.171  000.476  000.136: require('lazy.manage.task')
009.173  000.742  000.116: require('lazy.manage.runner')
009.175  000.845  000.104: require('lazy.manage')
009.177  000.949  000.103: require('lazy.view.commands')
009.268  000.078  000.078: require('lazy.core.fragments')
011.827  000.126  000.126: require('lazy.core.handler.keys')
011.930  000.099  000.099: require('lazy.core.handler.cmd')
012.113  000.087  000.087: require('lazy.core.handler.event')
012.115  000.183  000.096: require('lazy.core.handler.ft')
012.181  000.003  000.003: sourcing nvim_exec2() called at /Users/I569398/.config/nvim/init.lua:0
012.188  000.001  000.001: sourcing nvim_exec2() called at /Users/I569398/.config/nvim/init.lua:0
012.621  000.201  000.201: sourcing nvim_exec2() called at /opt/homebrew/Cellar/neovim/0.11.4/share/nvim/runtime/filetype.lua:0
012.623  000.254  000.053: sourcing /opt/homebrew/Cellar/neovim/0.11.4/share/nvim/runtime/filetype.lua
012.628  000.301  000.047: sourcing nvim_exec2() called at /Users/I569398/.config/nvim/init.lua:0
012.726  000.001  000.001: sourcing nvim_exec2() called at /Users/I569398/.config/nvim/init.lua:0
012.731  000.001  000.001: sourcing nvim_exec2() called at /Users/I569398/.config/nvim/init.lua:0
014.393  000.155  000.155: require('tokyonight.config')
014.394  000.565  000.410: require('tokyonight')
014.666  000.119  000.119: require('tokyonight.util')
014.668  000.237  000.117: require('tokyonight.theme')
014.855  000.095  000.095: require('tokyonight.colors')
015.190  000.102  000.102: require('tokyonight.hsluv')
015.505  000.110  000.110: require('tokyonight.groups')
016.147  000.107  000.107: require('tokyonight.groups.kinds')
022.815  009.027  007.811: sourcing /Users/I569398/.local/share/nvim/lazy/tokyonight.nvim/colors/tokyonight-storm.lua
022.825  010.088  001.061: sourcing nvim_exec2() called at /Users/I569398/.config/nvim/init.lua:0
022.863  000.004  000.004: sourcing nvim_exec2() called at /Users/I569398/.config/nvim/init.lua:0
022.871  000.001  000.001: sourcing nvim_exec2() called at /Users/I569398/.config/nvim/init.lua:0
023.681  000.074  000.074: require('octo.model.body-metadata')
023.746  000.064  000.064: require('octo.model.title-metadata')
023.988  000.149  000.149: require('octo.config')
023.996  000.248  000.099: require('octo.autocmds')
024.092  000.095  000.095: require('octo.constants')
024.158  000.065  000.065: require('octo.folds')
024.327  000.086  000.086: require('octo.gh.fragments')
024.772  000.021  000.021: sourcing /Users/I569398/.local/share/nvim/lazy/plenary.nvim/plugin/plenary.vim
024.778  000.073  000.052: sourcing nvim_exec2() called at /Users/I569398/.config/nvim/init.lua:0
024.782  000.001  000.001: sourcing nvim_exec2() called at /Users/I569398/.config/nvim/init.lua:0
024.810  000.001  000.001: sourcing nvim_exec2() called at /Users/I569398/.config/nvim/init.lua:0
025.165  000.302  000.302: require('plenary.compat')
025.252  000.086  000.086: require('plenary.functional')
025.257  000.930  000.468: require('plenary.job')
025.274  001.116  000.100: require('octo.gh')
025.515  000.145  000.145: require('octo.gh.queries')
025.681  000.165  000.165: require('octo.gh.mutations')
025.683  000.408  000.098: require('octo.gh.graphql')
025.818  000.135  000.135: require('octo.ui.signs')
026.158  000.130  000.130: require('octo.model.comment-metadata')
026.316  000.158  000.158: require('octo.model.thread-metadata')
026.722  000.068  000.068: require('octo.release')
026.738  000.421  000.353: require('octo.utils')
026.884  000.080  000.080: require('octo.ui.colors')
026.886  000.147  000.067: require('octo.ui.bubbles')
026.897  001.078  000.223: require('octo.ui.writers')
026.902  003.451  000.169: require('octo.model.octo-buffer')
027.124  000.066  000.066: require('octo.navigation')
027.188  000.063  000.063: require('octo.picker')
027.520  000.070  000.070: require('octo.reviews.renderer')
027.524  000.150  000.080: require('octo.reviews.file-panel')
027.630  000.105  000.105: require('octo.reviews.file-entry')
027.632  000.329  000.075: require('octo.reviews.layout')
027.699  000.066  000.066: require('octo.reviews.rev')
027.765  000.066  000.066: require('octo.reviews.thread-panel')
027.835  000.069  000.069: require('octo.ui.window')
027.901  000.065  000.065: require('octo.reviews.thread')
027.905  000.716  000.122: require('octo.reviews')
027.913  001.010  000.164: require('octo.commands')
027.979  000.065  000.065: require('octo.completion')
027.982  004.989  000.463: require('octo')
028.314  000.009  000.009: sourcing nvim_exec2() called at /Users/I569398/.config/nvim/init.lua:0
028.317  000.001  000.001: sourcing nvim_exec2() called at /Users/I569398/.config/nvim/init.lua:0
028.319  000.001  000.001: sourcing nvim_exec2() called at /Users/I569398/.config/nvim/init.lua:0
028.321  000.001  000.001: sourcing nvim_exec2() called at /Users/I569398/.config/nvim/init.lua:0
028.323  000.001  000.001: sourcing nvim_exec2() called at /Users/I569398/.config/nvim/init.lua:0
028.324  000.001  000.001: sourcing nvim_exec2() called at /Users/I569398/.config/nvim/init.lua:0
028.326  000.001  000.001: sourcing nvim_exec2() called at /Users/I569398/.config/nvim/init.lua:0
028.334  000.001  000.001: sourcing nvim_exec2() called at /Users/I569398/.config/nvim/init.lua:0
028.340  000.004  000.004: sourcing nvim_exec2() called at /Users/I569398/.config/nvim/init.lua:0
028.348  000.001  000.001: sourcing nvim_exec2() called at /Users/I569398/.config/nvim/init.lua:0
028.349  000.001  000.001: sourcing nvim_exec2() called at /Users/I569398/.config/nvim/init.lua:0
028.351  000.001  000.001: sourcing nvim_exec2() called at /Users/I569398/.config/nvim/init.lua:0
028.353  000.001  000.001: sourcing nvim_exec2() called at /Users/I569398/.config/nvim/init.lua:0
028.354  000.001  000.001: sourcing nvim_exec2() called at /Users/I569398/.config/nvim/init.lua:0
028.356  000.001  000.001: sourcing nvim_exec2() called at /Users/I569398/.config/nvim/init.lua:0
029.170  000.029  000.029: sourcing /Users/I569398/.local/share/nvim/lazy/nvim-web-devicons/plugin/nvim-web-devicons.vim
029.173  000.067  000.039: sourcing nvim_exec2() called at /Users/I569398/.config/nvim/init.lua:0
029.203  000.001  000.001: sourcing nvim_exec2() called at /Users/I569398/.config/nvim/init.lua:0
029.211  000.001  000.001: sourcing nvim_exec2() called at /Users/I569398/.config/nvim/init.lua:0
029.463  000.133  000.133: sourcing /Users/I569398/.local/share/nvim/lazy/telescope.nvim/plugin/telescope.lua
029.467  000.173  000.040: sourcing nvim_exec2() called at /Users/I569398/.config/nvim/init.lua:0
029.491  000.001  000.001: sourcing nvim_exec2() called at /Users/I569398/.config/nvim/init.lua:0
029.519  000.001  000.001: sourcing nvim_exec2() called at /Users/I569398/.config/nvim/init.lua:0
030.007  000.463  000.463: require('telescope.builtin')
030.380  000.099  000.099: require('plenary.bit')
030.408  000.212  000.114: require('plenary.path')
030.608  000.004  000.004: require('vim.F')
030.651  000.179  000.174: require('plenary.log')
030.663  000.255  000.076: require('telescope.log')
030.757  000.093  000.093: require('plenary.strings')
030.824  000.066  000.066: require('telescope.state')
030.842  000.723  000.097: require('telescope.utils')
030.844  000.791  000.067: require('telescope.previewers.previewer')
031.119  000.090  000.090: require('telescope.deprecated')
031.216  000.097  000.097: require('telescope.sorters')
032.146  001.222  001.035: require('telescope.config')
032.224  000.077  000.077: require('telescope.from_entry')
032.398  000.103  000.103: require('plenary.context_manager')
033.375  000.239  000.239: require('nvim-treesitter.utils')
033.851  000.063  000.063: require('vim.treesitter.language')
033.907  000.054  000.054: require('vim.func')
033.967  000.058  000.058: require('vim.func._memoize')
033.981  000.264  000.089: require('vim.treesitter.query')
034.049  000.067  000.067: require('vim.treesitter._range')
034.056  000.424  000.093: require('vim.treesitter.languagetree')
034.059  000.516  000.092: require('vim.treesitter')
034.342  000.966  000.450: require('nvim-treesitter.parsers')
034.594  000.056  000.056: require('nvim-treesitter.compat')
034.713  000.063  000.063: require('nvim-treesitter.ts_utils')
034.715  000.121  000.058: require('nvim-treesitter.tsrange')
034.774  000.058  000.058: require('nvim-treesitter.caching')
034.778  000.304  000.069: require('nvim-treesitter.query')
034.784  000.380  000.075: require('nvim-treesitter.configs')
034.785  000.443  000.063: require('nvim-treesitter.info')
034.851  000.065  000.065: require('nvim-treesitter.shell_command_selectors')
034.879  001.859  000.147: require('nvim-treesitter.install')
034.935  000.055  000.055: require('nvim-treesitter.statusline')
034.997  000.061  000.061: require('nvim-treesitter.query_predicates')
034.999  002.236  000.259: require('nvim-treesitter')
035.092  000.091  000.091: require('vim.iter')
035.479  002.767  000.441: sourcing /Users/I569398/.local/share/nvim/lazy/nvim-treesitter/plugin/nvim-treesitter.lua
035.484  002.806  000.039: sourcing nvim_exec2() called at /Users/I569398/.config/nvim/init.lua:0
035.530  000.001  000.001: sourcing nvim_exec2() called at /Users/I569398/.config/nvim/init.lua:0
035.541  000.001  000.001: sourcing nvim_exec2() called at /Users/I569398/.config/nvim/init.lua:0
035.660  000.067  000.067: require('nvim-treesitter.highlight')
035.666  003.267  000.392: require('nvim-treesitter')
035.668  003.443  000.073: require('telescope.previewers.utils')
035.716  004.872  000.130: require('telescope.previewers.term_previewer')
036.256  000.437  000.437: require('plenary.filetype')
037.119  000.862  000.862: require('plenary.scandir')
037.147  001.430  000.131: require('telescope.previewers.buffer_previewer')
037.150  008.579  000.779: require('telescope.previewers')
037.248  000.097  000.097: require('octo.notifications')
037.349  000.100  000.100: require('octo.workflow_runs')
037.352  008.855  000.080: require('octo.pickers.telescope.previewers')
037.569  000.065  000.065: require('telescope.config.resolve')
037.571  000.130  000.065: require('telescope.pickers.entry_display')
037.574  000.221  000.091: require('octo.pickers.telescope.entry_maker')
037.832  000.068  000.068: require('plenary.window.border')
037.925  000.092  000.092: require('plenary.window')
037.979  000.054  000.054: require('plenary.popup.utils')
037.981  000.303  000.089: require('plenary.popup')
038.041  000.059  000.059: require('telescope.pickers.scroller')
038.120  000.078  000.078: require('telescope.actions.state')
038.185  000.065  000.065: require('telescope.actions.utils')
038.329  000.077  000.077: require('telescope.actions.mt')
038.341  000.155  000.078: require('telescope.actions.set')
038.498  000.924  000.264: require('telescope.actions')
038.708  000.141  000.141: require('telescope.make_entry')
039.115  000.061  000.061: require('plenary.tbl')
039.117  000.123  000.062: require('plenary.vararg.rotate')
039.118  000.188  000.065: require('plenary.vararg')
039.175  000.057  000.057: require('plenary.errors')
039.177  000.311  000.066: require('plenary.async.async')
039.431  000.067  000.067: require('plenary.async.structs')
039.435  000.137  000.070: require('plenary.async.control')
039.438  000.202  000.065: require('plenary.async.util')
039.440  000.262  000.059: require('plenary.async.tests')
039.441  000.648  000.075: require('plenary.async')
039.442  000.733  000.086: require('telescope.finders.async_static_finder')
039.638  000.063  000.063: require('plenary.class')
039.645  000.141  000.077: require('telescope._')
039.646  000.204  000.063: require('telescope.finders.async_oneshot_finder')
039.707  000.060  000.060: require('telescope.finders.async_job_finder')
039.711  001.211  000.073: require('telescope.finders')
039.983  000.084  000.084: require('telescope._extensions')
039.985  000.172  000.088: require('telescope')
040.047  000.061  000.061: require('telescope.debounce')
040.153  000.105  000.105: require('telescope.mappings')
040.217  000.063  000.063: require('telescope.pickers.highlights')
040.275  000.057  000.057: require('telescope.pickers.window')
040.396  000.064  000.064: require('telescope.algos.linked_list')
040.398  000.123  000.059: require('telescope.entry_manager')
040.457  000.059  000.059: require('telescope.pickers.multi')
040.466  000.755  000.115: require('telescope.pickers')
040.526  000.059  000.059: require('telescope.themes')
040.563  012.205  000.180: require('octo.pickers.telescope.provider')
042.380  000.035  000.035: sourcing /Users/I569398/.local/share/nvim/lazy/limelight.vim/plugin/limelight.vim
042.388  000.101  000.066: sourcing nvim_exec2() called at /Users/I569398/.config/nvim/init.lua:0
042.394  000.001  000.001: sourcing nvim_exec2() called at /Users/I569398/.config/nvim/init.lua:0
042.405  000.001  000.001: sourcing nvim_exec2() called at /Users/I569398/.config/nvim/init.lua:0
042.679  000.003  000.003: sourcing nvim_exec2() called at /Users/I569398/.config/nvim/init.lua:0
042.684  000.001  000.001: sourcing nvim_exec2() called at /Users/I569398/.config/nvim/init.lua:0
043.090  000.317  000.317: require('oil')
043.182  000.091  000.091: require('oil.ringbuf')
043.389  000.206  000.206: require('oil.config')
044.517  001.045  001.045: require('vim.filetype')
044.844  000.059  000.059: require('oil.log')
044.858  000.164  000.106: require('oil.fs')
044.992  000.050  000.050: require('oil.constants')
045.012  000.154  000.104: require('oil.util')
045.061  000.002  000.002: sourcing nvim_exec2() called at /Users/I569398/.config/nvim/init.lua:0
045.065  000.001  000.001: sourcing nvim_exec2() called at /Users/I569398/.config/nvim/init.lua:0
045.614  000.053  000.053: require('toggleterm.lazy')
045.665  000.050  000.050: require('toggleterm.constants')
045.739  000.073  000.073: require('toggleterm.terminal')
045.742  000.481  000.306: require('toggleterm')
045.850  000.052  000.052: require('toggleterm.colors')
045.904  000.053  000.053: require('toggleterm.utils')
045.907  000.164  000.059: require('toggleterm.config')
045.989  000.061  000.061: require('vim.version')
046.615  000.065  000.065: require('toggleterm.commandline')
046.641  000.001  000.001: sourcing nvim_exec2() calle